<?xml version="1.0" encoding="UTF-8"?>
<testsuite name="JUnit Jupiter" tests="16" skipped="0" failures="0" errors="0" time="0.078" hostname="DESKTOP-6HC5VRO" timestamp="2017-10-18T19:07:54">
<properties>
[...]
</properties>
<testcase name="Valid Id" classname="Container for ID 2" time="0">
<system-out><![CDATA[
unique-id: [engine:junit-jupiter]/[class:com.wiredbraincoffee.reward.clip03.RewardByGiftServiceDynamicTest]/[test-factory:dynamicTestsWithContainers()]/[dynamic-container:#1]/[dynamic-test:#1]
display-name: Valid Id
]]></system-out>
</testcase>
<testcase name="Discount applied" classname="Test" time="0">
<system-out><![CDATA[
unique-id: [engine:junit-jupiter]/[class:com.wiredbraincoffee.reward.clip03.RewardByGiftServiceDynamicTest]/[test-factory:dynamicTestsWithContainers()]/[dynamic-container:#1]/[dynamic-container:#2]/[dynamic-test:#1]
display-name: Discount applied
]]></system-out>
</testcase>
<testcase name="Valid Id" classname="Container for ID 3" time="0">
<system-out><![CDATA[
unique-id: [engine:junit-jupiter]/[class:com.wiredbraincoffee.reward.clip03.RewardByGiftServiceDynamicTest]/[test-factory:dynamicTestsWithContainers()]/[dynamic-container:#2]/[dynamic-test:#1]
display-name: Valid Id
]]></system-out>
</testcase>
<testcase name="Discount applied" classname="Test" time="0">
<system-out><![CDATA[
unique-id: [engine:junit-jupiter]/[class:com.wiredbraincoffee.reward.clip03.RewardByGiftServiceDynamicTest]/[test-factory:dynamicTestsWithContainers()]/[dynamic-container:#2]/[dynamic-container:#2]/[dynamic-test:#1]
display-name: Discount applied
]]></system-out>
</testcase>
<testcase name="Valid Id" classname="Container for ID 4" time="0">
<system-out><![CDATA[
unique-id: [engine:junit-jupiter]/[class:com.wiredbraincoffee.reward.clip03.RewardByGiftServiceDynamicTest]/[test-factory:dynamicTestsWithContainers()]/[dynamic-container:#3]/[dynamic-test:#1]
display-name: Valid Id
]]></system-out>
</testcase>
<testcase name="Discount applied" classname="Test" time="0">
<system-out><![CDATA[
unique-id: [engine:junit-jupiter]/[class:com.wiredbraincoffee.reward.clip03.RewardByGiftServiceDynamicTest]/[test-factory:dynamicTestsWithContainers()]/[dynamic-container:#3]/[dynamic-container:#2]/[dynamic-test:#1]
display-name: Discount applied
]]></system-out>
</testcase>
<testcase name="Valid Id" classname="Container for ID 5" time="0">
<system-out><![CDATA[
unique-id: [engine:junit-jupiter]/[class:com.wiredbraincoffee.reward.clip03.RewardByGiftServiceDynamicTest]/[test-factory:dynamicTestsWithContainers()]/[dynamic-container:#4]/[dynamic-test:#1]
display-name: Valid Id
]]></system-out>
</testcase>
<testcase name="Discount applied" classname="Test" time="0">
<system-out><![CDATA[
unique-id: [engine:junit-jupiter]/[class:com.wiredbraincoffee.reward.clip03.RewardByGiftServiceDynamicTest]/[test-factory:dynamicTestsWithContainers()]/[dynamic-container:#4]/[dynamic-container:#2]/[dynamic-test:#1]
display-name: Discount applied
]]></system-out>
</testcase>
<testcase name="Testing product ID 1327" classname="giftProductNotInOrder()" time="0">
<system-out><![CDATA[
unique-id: [engine:junit-jupiter]/[class:com.wiredbraincoffee.reward.clip03.RewardByGiftServiceDynamicTest]/[test-factory:giftProductNotInOrder()]/[dynamic-test:#1]
display-name: Testing product ID 1327
]]></system-out>
</testcase>
<testcase name="Testing product ID 1171" classname="giftProductNotInOrder()" time="0">
<system-out><![CDATA[
unique-id: [engine:junit-jupiter]/[class:com.wiredbraincoffee.reward.clip03.RewardByGiftServiceDynamicTest]/[test-factory:giftProductNotInOrder()]/[dynamic-test:#2]
display-name: Testing product ID 1171
]]></system-out>
</testcase>
<testcase name="Testing product ID 1941" classname="giftProductNotInOrder()" time="0">
<system-out><![CDATA[
unique-id: [engine:junit-jupiter]/[class:com.wiredbraincoffee.reward.clip03.RewardByGiftServiceDynamicTest]/[test-factory:giftProductNotInOrder()]/[dynamic-test:#3]
display-name: Testing product ID 1941
]]></system-out>
</testcase>
<testcase name="Testing product ID 1061" classname="giftProductNotInOrder()" time="0">
<system-out><![CDATA[
unique-id: [engine:junit-jupiter]/[class:com.wiredbraincoffee.reward.clip03.RewardByGiftServiceDynamicTest]/[test-factory:giftProductNotInOrder()]/[dynamic-test:#4]
display-name: Testing product ID 1061
]]></system-out>
</testcase>
<testcase name="Testing product ID 1939" classname="giftProductNotInOrder()" time="0">
<system-out><![CDATA[
unique-id: [engine:junit-jupiter]/[class:com.wiredbraincoffee.reward.clip03.RewardByGiftServiceDynamicTest]/[test-factory:giftProductNotInOrder()]/[dynamic-test:#5]
display-name: Testing product ID 1939
]]></system-out>
</testcase>
<testcase name="discountShouldBeApplied(long, TestInfo, TestReporter)" classname="discountShouldBeApplied(long, TestInfo, TestReporter)" time="0.015">
<system-out>
Report Entry #1 (timestamp: 2017-10-18T19:07:54.456)
	- ProductID: 2
</system-out>
<system-out><![CDATA[
unique-id: [engine:junit-jupiter]/[class:com.wiredbraincoffee.reward.clip05.RewardByGiftServiceParameterizedTest]/[test-template:discountShouldBeApplied(long, org.junit.jupiter.api.TestInfo, org.junit.jupiter.api.TestReporter)]/[test-template-invocation:#1]
display-name: [1] 2
]]></system-out>
</testcase>
<testcase name="discountShouldBeApplied(long, TestInfo, TestReporter)" classname="discountShouldBeApplied(long, TestInfo, TestReporter)" time="0">
<system-out>
Report Entry #1 (timestamp: 2017-10-18T19:07:54.456)
	- ProductID: 3
</system-out>
<system-out><![CDATA[
unique-id: [engine:junit-jupiter]/[class:com.wiredbraincoffee.reward.clip05.RewardByGiftServiceParameterizedTest]/[test-template:discountShouldBeApplied(long, org.junit.jupiter.api.TestInfo, org.junit.jupiter.api.TestReporter)]/[test-template-invocation:#2]
display-name: [2] 3
]]></system-out>
</testcase>
<testcase name="discountShouldBeApplied(long, TestInfo, TestReporter)" classname="discountShouldBeApplied(long, TestInfo, TestReporter)" time="0">
<system-out>
Report Entry #1 (timestamp: 2017-10-18T19:07:54.456)
	- ProductID: 4
</system-out>
<system-out><![CDATA[
unique-id: [engine:junit-jupiter]/[class:com.wiredbraincoffee.reward.clip05.RewardByGiftServiceParameterizedTest]/[test-template:discountShouldBeApplied(long, org.junit.jupiter.api.TestInfo, org.junit.jupiter.api.TestReporter)]/[test-template-invocation:#3]
display-name: [3] 4
]]></system-out>
</testcase>
<system-out><![CDATA[
unique-id: [engine:junit-jupiter]
display-name: JUnit Jupiter
]]></system-out>
</testsuite>
